<?xml version="1.0" encoding="UTF-8"?>
<!-- Generated by org.testng.reporters.JUnitReportReporter -->
<testsuite hostname="DESKTOP-TQOT31I" failures="0" tests="3" name="First_Script.Registrationpage" time="0.092" errors="0" timestamp="2024-01-05T22:00:55 IST" skipped="0">
  <testcase classname="First_Script.Registrationpage" name="ValidMobileNo" time="0.005"/>
  <testcase classname="First_Script.Registrationpage" name="ValidName" time="0.005"/>
  <testcase classname="First_Script.Registrationpage" name="ValidEmailId" time="0.082"/>
</testsuite> <!-- First_Script.Registrationpage -->
