<?xml version="1.0" encoding="UTF-8"?>
<!-- Generated by org.testng.reporters.JUnitReportReporter -->
<testsuite hostname="DESKTOP-TQOT31I" failures="0" tests="3" name="Third_Script.HomePage" time="0.017" errors="0" timestamp="2024-01-05T22:00:55 IST" skipped="0">
  <testcase classname="Third_Script.HomePage" name="Electronics" time="0.004"/>
  <testcase classname="Third_Script.HomePage" name="SearchBar" time="0.010"/>
  <testcase classname="Third_Script.HomePage" name="ProductImage" time="0.003"/>
</testsuite> <!-- Third_Script.HomePage -->
