<?xml version="1.0" encoding="UTF-8"?>
<!-- Generated by org.testng.reporters.JUnitReportReporter -->
<testsuite hostname="DESKTOP-TQOT31I" failures="0" tests="3" name="Second_Script.LoginPage" time="0.102" errors="0" timestamp="2024-01-06T20:06:11 IST" skipped="0">
  <testcase classname="Second_Script.LoginPage" name="Username" time="0.003"/>
  <testcase classname="Second_Script.LoginPage" name="ResetPassword" time="0.003"/>
  <testcase classname="Second_Script.LoginPage" name="Password" time="0.096"/>
</testsuite> <!-- Second_Script.LoginPage -->
